[ 2018-09-27 12:32:17 ] INFO Account [1] view personal information.
[ 2018-09-27 12:38:16 ] INFO User[1] view personal information.
[ 2018-09-27 13:49:11 ] INFO User[ly] view personal information.
[ 2018-09-27 13:49:39 ] INFO User[ly] view personal information.
[ 2018-09-27 14:01:25 ] INFO User[ly] view personal information.
[ 2018-09-27 14:02:57 ] INFO User[ly] view personal information.
[ 2018-09-27 14:03:29 ] INFO User[ly] view personal information.
[ 2018-09-27 14:07:29 ] INFO User[ly] view personal information.
[ 2018-09-27 14:09:25 ] INFO User[ly] view personal information.
[ 2018-09-27 14:17:39 ] INFO User[ly] view personal information.
[ 2018-09-27 14:19:27 ] INFO User[ly] view personal information.
[ 2018-09-27 14:38:24 ] INFO User[ly] view personal information.
[ 2018-09-27 14:39:25 ] INFO User[ly] view personal information.
[ 2018-09-27 14:40:16 ] INFO User[ly] view personal information.
[ 2018-09-27 14:43:00 ] INFO User[ly] view personal information.
[ 2018-09-27 14:43:08 ] INFO User saved $1000 successfully.
[ 2018-09-27 14:43:13 ] INFO User[ly] view personal information.
[ 2018-09-27 14:46:03 ] INFO User saved $1000 successfully.
[ 2018-09-27 14:46:04 ] INFO User[ly] view personal information.
[ 2018-09-27 16:58:27 ] INFO User[ly] view personal information.
[ 2018-09-27 17:23:34 ] INFO User[ly] view personal information.
[ 2018-09-27 17:24:39 ] INFO User[123] view personal information.
[ 2018-09-28 10:34:24 ] INFO User[ly] view personal information.
[ 2018-09-28 11:38:15 ] INFO User[123] view personal information.
[ 2018-09-28 11:42:42 ] INFO Atm account [ly] application is successful.
[ 2018-09-28 11:42:59 ] INFO Atm account [ly] application is failed, account is existed.
[ 2018-09-28 11:45:57 ] INFO User[ly] view personal information.
[ 2018-09-28 11:46:56 ] INFO User ly saved $1000 successfully.
[ 2018-09-28 11:46:57 ] INFO User[ly] view personal information.
[ 2018-09-28 11:58:35 ] INFO User[ly] view personal information.
[ 2018-09-28 15:14:26 ] INFO User[ly] view personal information.
[ 2018-09-28 15:35:06 ] INFO User[ly] view personal information.
[ 2018-09-28 15:59:23 ] INFO User ly saved $10000 successfully.
[ 2018-09-28 16:00:04 ] INFO User ly saved $0 successfully.
[ 2018-09-28 16:01:08 ] INFO User ly saved $1000 successfully.
[ 2018-09-28 16:08:35 ] INFO User ly repay $1000 successfully.
[ 2018-09-28 16:10:48 ] INFO User[ly] view personal information.
[ 2018-09-28 16:11:07 ] INFO User ly withdraw $1000 successfully.
[ 2018-10-11 14:35:56 ] INFO User[ly] view personal information.
[ 2021-01-06 08:52:09 ] INFO Atm account [ly] application is failed, account is existed.
[ 2021-01-06 08:52:16 ] INFO Atm account [ly] application is failed, account is existed.
[ 2021-01-06 08:52:40 ] INFO User[ly] view personal information.
[ 2021-01-06 08:53:23 ] INFO User ly repay $2000 successfully.
[ 2021-01-06 08:53:40 ] INFO User ly withdraw $3000 successfully.
[ 2021-01-26 10:37:35 ] INFO User[ly] view personal information.
[ 2021-01-26 10:58:51 ] INFO User[ly] view personal information.
[ 2021-01-26 11:09:27 ] INFO User[ly] view personal information.
[ 2021-01-26 11:10:12 ] INFO User ly repay $1000 successfully.
[ 2021-01-26 11:10:20 ] INFO User ly repay $1 successfully.
[ 2021-01-26 11:27:11 ] INFO User ly saved $10000 successfully.
[ 2021-01-26 11:34:41 ] INFO Atm account [zj] application is successful.
[ 2021-01-26 11:34:54 ] INFO User[zj] view personal information.
[ 2021-01-26 13:36:44 ] INFO User[ly] view personal information.
[ 2021-01-26 13:45:08 ] INFO User ly Transter 1000 to zj successfully.
[ 2021-01-26 13:45:14 ] INFO User[ly] view personal information.
[ 2021-01-26 13:45:47 ] INFO User ly Transter 1000 to ly successfully.
[ 2021-01-26 13:46:01 ] INFO User[ly] view personal information.
[ 2021-01-26 13:47:34 ] INFO User ly Transter 1000 to zj successfully.
[ 2021-01-26 13:47:45 ] INFO User[zj] view personal information.
[ 2021-01-26 13:52:27 ] INFO User ly saved $100000 successfully.
[ 2021-01-26 13:52:29 ] INFO User[ly] view personal information.
[ 2021-01-26 16:36:12 ] INFO User ly Transter 100 to zj successfully.
[ 2021-02-18 11:50:23 ] INFO Atm account [ly] application is failed, account is existed.
[ 2021-02-18 11:50:55 ] INFO User ly Transter 100 to zj successfully.
[ 2021-02-18 11:51:00 ] INFO User[ly] view personal information.
