DEB [20210330-14:43:31.592] thr=1   paramiko.transport: starting thread (client mode): 0xc98824c0
DEB [20210330-14:43:31.593] thr=1   paramiko.transport: Local version/idstring: SSH-2.0-paramiko_2.7.2
DEB [20210330-14:43:31.618] thr=1   paramiko.transport: Remote version/idstring: SSH-2.0-OpenSSH_7.4
INF [20210330-14:43:31.618] thr=1   paramiko.transport: Connected (version 2.0, client OpenSSH_7.4)
DEB [20210330-14:43:31.628] thr=1   paramiko.transport: kex algos:['curve25519-sha256', 'curve25519-sha256@libssh.org', 'ecdh-sha2-nistp256', 'ecdh-sha2-nistp384', 'ecdh-sha2-nistp521', 'diffie-hellman-group-exchange-sha256', 'diffie-hellman-group16-sha512', 'diffie-hellman-group18-sha512', 'diffie-hellman-group-exchange-sha1', 'diffie-hellman-group14-sha256', 'diffie-hellman-group14-sha1', 'diffie-hellman-group1-sha1'] server key:['ssh-rsa', 'rsa-sha2-512', 'rsa-sha2-256', 'ecdsa-sha2-nistp256', 'ssh-ed25519'] client encrypt:['chacha20-poly1305@openssh.com', 'aes128-ctr', 'aes192-ctr', 'aes256-ctr', 'aes128-gcm@openssh.com', 'aes256-gcm@openssh.com', 'aes128-cbc', 'aes192-cbc', 'aes256-cbc', 'blowfish-cbc', 'cast128-cbc', '3des-cbc'] server encrypt:['chacha20-poly1305@openssh.com', 'aes128-ctr', 'aes192-ctr', 'aes256-ctr', 'aes128-gcm@openssh.com', 'aes256-gcm@openssh.com', 'aes128-cbc', 'aes192-cbc', 'aes256-cbc', 'blowfish-cbc', 'cast128-cbc', '3des-cbc'] client mac:['umac-64-etm@openssh.com', 'umac-128-etm@openssh.com', 'hmac-sha2-256-etm@openssh.com', 'hmac-sha2-512-etm@openssh.com', 'hmac-sha1-etm@openssh.com', 'umac-64@openssh.com', 'umac-128@openssh.com', 'hmac-sha2-256', 'hmac-sha2-512', 'hmac-sha1'] server mac:['umac-64-etm@openssh.com', 'umac-128-etm@openssh.com', 'hmac-sha2-256-etm@openssh.com', 'hmac-sha2-512-etm@openssh.com', 'hmac-sha1-etm@openssh.com', 'umac-64@openssh.com', 'umac-128@openssh.com', 'hmac-sha2-256', 'hmac-sha2-512', 'hmac-sha1'] client compress:['none', 'zlib@openssh.com'] server compress:['none', 'zlib@openssh.com'] client lang:[''] server lang:[''] kex follows?False
DEB [20210330-14:43:31.629] thr=1   paramiko.transport: Kex agreed: curve25519-sha256@libssh.org
DEB [20210330-14:43:31.629] thr=1   paramiko.transport: HostKey agreed: ssh-ed25519
DEB [20210330-14:43:31.629] thr=1   paramiko.transport: Cipher agreed: aes128-ctr
DEB [20210330-14:43:31.629] thr=1   paramiko.transport: MAC agreed: hmac-sha2-256
DEB [20210330-14:43:31.629] thr=1   paramiko.transport: Compression agreed: none
DEB [20210330-14:43:31.953] thr=1   paramiko.transport: kex engine KexCurve25519 specified hash_algo <built-in function openssl_sha256>
DEB [20210330-14:43:31.953] thr=1   paramiko.transport: Switch to new keys ...
DEB [20210330-14:43:51.130] thr=1   paramiko.transport: userauth is OK
INF [20210330-14:43:51.358] thr=1   paramiko.transport: Authentication (password) successful!
DEB [20210330-14:43:51.358] thr=2   paramiko.transport: [chan 0] Max packet in: 32768 bytes
DEB [20210330-14:43:51.359] thr=1   paramiko.transport: Received global request "hostkeys-00@openssh.com"
DEB [20210330-14:43:51.359] thr=1   paramiko.transport: Rejecting "hostkeys-00@openssh.com" global request from server.
DEB [20210330-14:43:51.400] thr=1   paramiko.transport: [chan 0] Max packet out: 32768 bytes
DEB [20210330-14:43:51.400] thr=1   paramiko.transport: Secsh channel 0 opened.
DEB [20210330-14:43:51.401] thr=1   paramiko.transport: [chan 0] Sesch channel 0 request ok
DEB [20210330-14:43:51.404] thr=1   paramiko.transport: [chan 0] Sesch channel 0 request ok
DEB [20210330-14:44:18.392] thr=1   paramiko.transport: EOF in transport thread
DEB [20210330-14:47:16.123] thr=1   paramiko.transport: starting thread (client mode): 0xd5cb4ee0
DEB [20210330-14:47:16.123] thr=1   paramiko.transport: Local version/idstring: SSH-2.0-paramiko_2.7.2
DEB [20210330-14:47:16.130] thr=1   paramiko.transport: Remote version/idstring: SSH-2.0-OpenSSH_7.4
INF [20210330-14:47:16.130] thr=1   paramiko.transport: Connected (version 2.0, client OpenSSH_7.4)
DEB [20210330-14:47:16.131] thr=1   paramiko.transport: kex algos:['curve25519-sha256', 'curve25519-sha256@libssh.org', 'ecdh-sha2-nistp256', 'ecdh-sha2-nistp384', 'ecdh-sha2-nistp521', 'diffie-hellman-group-exchange-sha256', 'diffie-hellman-group16-sha512', 'diffie-hellman-group18-sha512', 'diffie-hellman-group-exchange-sha1', 'diffie-hellman-group14-sha256', 'diffie-hellman-group14-sha1', 'diffie-hellman-group1-sha1'] server key:['ssh-rsa', 'rsa-sha2-512', 'rsa-sha2-256', 'ecdsa-sha2-nistp256', 'ssh-ed25519'] client encrypt:['chacha20-poly1305@openssh.com', 'aes128-ctr', 'aes192-ctr', 'aes256-ctr', 'aes128-gcm@openssh.com', 'aes256-gcm@openssh.com', 'aes128-cbc', 'aes192-cbc', 'aes256-cbc', 'blowfish-cbc', 'cast128-cbc', '3des-cbc'] server encrypt:['chacha20-poly1305@openssh.com', 'aes128-ctr', 'aes192-ctr', 'aes256-ctr', 'aes128-gcm@openssh.com', 'aes256-gcm@openssh.com', 'aes128-cbc', 'aes192-cbc', 'aes256-cbc', 'blowfish-cbc', 'cast128-cbc', '3des-cbc'] client mac:['umac-64-etm@openssh.com', 'umac-128-etm@openssh.com', 'hmac-sha2-256-etm@openssh.com', 'hmac-sha2-512-etm@openssh.com', 'hmac-sha1-etm@openssh.com', 'umac-64@openssh.com', 'umac-128@openssh.com', 'hmac-sha2-256', 'hmac-sha2-512', 'hmac-sha1'] server mac:['umac-64-etm@openssh.com', 'umac-128-etm@openssh.com', 'hmac-sha2-256-etm@openssh.com', 'hmac-sha2-512-etm@openssh.com', 'hmac-sha1-etm@openssh.com', 'umac-64@openssh.com', 'umac-128@openssh.com', 'hmac-sha2-256', 'hmac-sha2-512', 'hmac-sha1'] client compress:['none', 'zlib@openssh.com'] server compress:['none', 'zlib@openssh.com'] client lang:[''] server lang:[''] kex follows?False
DEB [20210330-14:47:16.131] thr=1   paramiko.transport: Kex agreed: curve25519-sha256@libssh.org
DEB [20210330-14:47:16.131] thr=1   paramiko.transport: HostKey agreed: ssh-ed25519
DEB [20210330-14:47:16.131] thr=1   paramiko.transport: Cipher agreed: aes128-ctr
DEB [20210330-14:47:16.131] thr=1   paramiko.transport: MAC agreed: hmac-sha2-256
DEB [20210330-14:47:16.131] thr=1   paramiko.transport: Compression agreed: none
DEB [20210330-14:47:16.136] thr=1   paramiko.transport: kex engine KexCurve25519 specified hash_algo <built-in function openssl_sha256>
DEB [20210330-14:47:16.137] thr=1   paramiko.transport: Switch to new keys ...
DEB [20210330-14:47:24.610] thr=1   paramiko.transport: userauth is OK
INF [20210330-14:47:24.629] thr=1   paramiko.transport: Authentication (password) successful!
DEB [20210330-14:47:24.629] thr=2   paramiko.transport: [chan 0] Max packet in: 32768 bytes
DEB [20210330-14:47:24.658] thr=1   paramiko.transport: Received global request "hostkeys-00@openssh.com"
DEB [20210330-14:47:24.658] thr=1   paramiko.transport: Rejecting "hostkeys-00@openssh.com" global request from server.
DEB [20210330-14:47:24.699] thr=1   paramiko.transport: [chan 0] Max packet out: 32768 bytes
DEB [20210330-14:47:24.699] thr=1   paramiko.transport: Secsh channel 0 opened.
DEB [20210330-14:47:24.708] thr=1   paramiko.transport: [chan 0] Sesch channel 0 request ok
DEB [20210330-14:47:24.710] thr=1   paramiko.transport: [chan 0] Sesch channel 0 request ok
DEB [20210330-14:48:15.169] thr=1   paramiko.transport: EOF in transport thread
DEB [20210330-14:48:24.634] thr=1   paramiko.transport: starting thread (client mode): 0x121224c0
DEB [20210330-14:48:24.634] thr=1   paramiko.transport: Local version/idstring: SSH-2.0-paramiko_2.7.2
DEB [20210330-14:48:24.640] thr=1   paramiko.transport: Remote version/idstring: SSH-2.0-OpenSSH_7.4
INF [20210330-14:48:24.640] thr=1   paramiko.transport: Connected (version 2.0, client OpenSSH_7.4)
DEB [20210330-14:48:24.642] thr=1   paramiko.transport: kex algos:['curve25519-sha256', 'curve25519-sha256@libssh.org', 'ecdh-sha2-nistp256', 'ecdh-sha2-nistp384', 'ecdh-sha2-nistp521', 'diffie-hellman-group-exchange-sha256', 'diffie-hellman-group16-sha512', 'diffie-hellman-group18-sha512', 'diffie-hellman-group-exchange-sha1', 'diffie-hellman-group14-sha256', 'diffie-hellman-group14-sha1', 'diffie-hellman-group1-sha1'] server key:['ssh-rsa', 'rsa-sha2-512', 'rsa-sha2-256', 'ecdsa-sha2-nistp256', 'ssh-ed25519'] client encrypt:['chacha20-poly1305@openssh.com', 'aes128-ctr', 'aes192-ctr', 'aes256-ctr', 'aes128-gcm@openssh.com', 'aes256-gcm@openssh.com', 'aes128-cbc', 'aes192-cbc', 'aes256-cbc', 'blowfish-cbc', 'cast128-cbc', '3des-cbc'] server encrypt:['chacha20-poly1305@openssh.com', 'aes128-ctr', 'aes192-ctr', 'aes256-ctr', 'aes128-gcm@openssh.com', 'aes256-gcm@openssh.com', 'aes128-cbc', 'aes192-cbc', 'aes256-cbc', 'blowfish-cbc', 'cast128-cbc', '3des-cbc'] client mac:['umac-64-etm@openssh.com', 'umac-128-etm@openssh.com', 'hmac-sha2-256-etm@openssh.com', 'hmac-sha2-512-etm@openssh.com', 'hmac-sha1-etm@openssh.com', 'umac-64@openssh.com', 'umac-128@openssh.com', 'hmac-sha2-256', 'hmac-sha2-512', 'hmac-sha1'] server mac:['umac-64-etm@openssh.com', 'umac-128-etm@openssh.com', 'hmac-sha2-256-etm@openssh.com', 'hmac-sha2-512-etm@openssh.com', 'hmac-sha1-etm@openssh.com', 'umac-64@openssh.com', 'umac-128@openssh.com', 'hmac-sha2-256', 'hmac-sha2-512', 'hmac-sha1'] client compress:['none', 'zlib@openssh.com'] server compress:['none', 'zlib@openssh.com'] client lang:[''] server lang:[''] kex follows?False
DEB [20210330-14:48:24.642] thr=1   paramiko.transport: Kex agreed: curve25519-sha256@libssh.org
DEB [20210330-14:48:24.642] thr=1   paramiko.transport: HostKey agreed: ssh-ed25519
DEB [20210330-14:48:24.642] thr=1   paramiko.transport: Cipher agreed: aes128-ctr
DEB [20210330-14:48:24.642] thr=1   paramiko.transport: MAC agreed: hmac-sha2-256
DEB [20210330-14:48:24.642] thr=1   paramiko.transport: Compression agreed: none
DEB [20210330-14:48:24.647] thr=1   paramiko.transport: kex engine KexCurve25519 specified hash_algo <built-in function openssl_sha256>
DEB [20210330-14:48:24.648] thr=1   paramiko.transport: Switch to new keys ...
DEB [20210330-14:48:32.880] thr=1   paramiko.transport: userauth is OK
INF [20210330-14:48:32.897] thr=1   paramiko.transport: Authentication (password) successful!
DEB [20210330-14:48:32.897] thr=2   paramiko.transport: [chan 0] Max packet in: 32768 bytes
DEB [20210330-14:48:32.902] thr=1   paramiko.transport: Received global request "hostkeys-00@openssh.com"
DEB [20210330-14:48:32.902] thr=1   paramiko.transport: Rejecting "hostkeys-00@openssh.com" global request from server.
DEB [20210330-14:48:32.943] thr=1   paramiko.transport: [chan 0] Max packet out: 32768 bytes
DEB [20210330-14:48:32.943] thr=1   paramiko.transport: Secsh channel 0 opened.
DEB [20210330-14:48:32.944] thr=1   paramiko.transport: [chan 0] Sesch channel 0 request ok
DEB [20210330-14:48:32.950] thr=1   paramiko.transport: [chan 0] Sesch channel 0 request ok
DEB [20210331-13:32:24.349] thr=1   paramiko.transport: starting thread (client mode): 0x58ab11c0
DEB [20210331-13:32:24.382] thr=1   paramiko.transport: Local version/idstring: SSH-2.0-paramiko_2.7.2
DEB [20210331-13:32:24.435] thr=1   paramiko.transport: Remote version/idstring: SSH-2.0-OpenSSH_7.4
INF [20210331-13:32:24.435] thr=1   paramiko.transport: Connected (version 2.0, client OpenSSH_7.4)
DEB [20210331-13:32:24.447] thr=1   paramiko.transport: kex algos:['curve25519-sha256', 'curve25519-sha256@libssh.org', 'ecdh-sha2-nistp256', 'ecdh-sha2-nistp384', 'ecdh-sha2-nistp521', 'diffie-hellman-group-exchange-sha256', 'diffie-hellman-group16-sha512', 'diffie-hellman-group18-sha512', 'diffie-hellman-group-exchange-sha1', 'diffie-hellman-group14-sha256', 'diffie-hellman-group14-sha1', 'diffie-hellman-group1-sha1'] server key:['ssh-rsa', 'rsa-sha2-512', 'rsa-sha2-256', 'ecdsa-sha2-nistp256', 'ssh-ed25519'] client encrypt:['chacha20-poly1305@openssh.com', 'aes128-ctr', 'aes192-ctr', 'aes256-ctr', 'aes128-gcm@openssh.com', 'aes256-gcm@openssh.com', 'aes128-cbc', 'aes192-cbc', 'aes256-cbc', 'blowfish-cbc', 'cast128-cbc', '3des-cbc'] server encrypt:['chacha20-poly1305@openssh.com', 'aes128-ctr', 'aes192-ctr', 'aes256-ctr', 'aes128-gcm@openssh.com', 'aes256-gcm@openssh.com', 'aes128-cbc', 'aes192-cbc', 'aes256-cbc', 'blowfish-cbc', 'cast128-cbc', '3des-cbc'] client mac:['umac-64-etm@openssh.com', 'umac-128-etm@openssh.com', 'hmac-sha2-256-etm@openssh.com', 'hmac-sha2-512-etm@openssh.com', 'hmac-sha1-etm@openssh.com', 'umac-64@openssh.com', 'umac-128@openssh.com', 'hmac-sha2-256', 'hmac-sha2-512', 'hmac-sha1'] server mac:['umac-64-etm@openssh.com', 'umac-128-etm@openssh.com', 'hmac-sha2-256-etm@openssh.com', 'hmac-sha2-512-etm@openssh.com', 'hmac-sha1-etm@openssh.com', 'umac-64@openssh.com', 'umac-128@openssh.com', 'hmac-sha2-256', 'hmac-sha2-512', 'hmac-sha1'] client compress:['none', 'zlib@openssh.com'] server compress:['none', 'zlib@openssh.com'] client lang:[''] server lang:[''] kex follows?False
DEB [20210331-13:32:24.447] thr=1   paramiko.transport: Kex agreed: curve25519-sha256@libssh.org
DEB [20210331-13:32:24.447] thr=1   paramiko.transport: HostKey agreed: ssh-ed25519
DEB [20210331-13:32:24.447] thr=1   paramiko.transport: Cipher agreed: aes128-ctr
DEB [20210331-13:32:24.447] thr=1   paramiko.transport: MAC agreed: hmac-sha2-256
DEB [20210331-13:32:24.447] thr=1   paramiko.transport: Compression agreed: none
DEB [20210331-13:32:24.462] thr=1   paramiko.transport: kex engine KexCurve25519 specified hash_algo <built-in function openssl_sha256>
DEB [20210331-13:32:24.462] thr=1   paramiko.transport: Switch to new keys ...
DEB [20210331-13:32:56.358] thr=1   paramiko.transport: starting thread (client mode): 0xf42d11c0
DEB [20210331-13:32:56.358] thr=1   paramiko.transport: Local version/idstring: SSH-2.0-paramiko_2.7.2
DEB [20210331-13:32:56.382] thr=1   paramiko.transport: Remote version/idstring: SSH-2.0-OpenSSH_7.4
INF [20210331-13:32:56.382] thr=1   paramiko.transport: Connected (version 2.0, client OpenSSH_7.4)
DEB [20210331-13:32:56.383] thr=1   paramiko.transport: kex algos:['curve25519-sha256', 'curve25519-sha256@libssh.org', 'ecdh-sha2-nistp256', 'ecdh-sha2-nistp384', 'ecdh-sha2-nistp521', 'diffie-hellman-group-exchange-sha256', 'diffie-hellman-group16-sha512', 'diffie-hellman-group18-sha512', 'diffie-hellman-group-exchange-sha1', 'diffie-hellman-group14-sha256', 'diffie-hellman-group14-sha1', 'diffie-hellman-group1-sha1'] server key:['ssh-rsa', 'rsa-sha2-512', 'rsa-sha2-256', 'ecdsa-sha2-nistp256', 'ssh-ed25519'] client encrypt:['chacha20-poly1305@openssh.com', 'aes128-ctr', 'aes192-ctr', 'aes256-ctr', 'aes128-gcm@openssh.com', 'aes256-gcm@openssh.com', 'aes128-cbc', 'aes192-cbc', 'aes256-cbc', 'blowfish-cbc', 'cast128-cbc', '3des-cbc'] server encrypt:['chacha20-poly1305@openssh.com', 'aes128-ctr', 'aes192-ctr', 'aes256-ctr', 'aes128-gcm@openssh.com', 'aes256-gcm@openssh.com', 'aes128-cbc', 'aes192-cbc', 'aes256-cbc', 'blowfish-cbc', 'cast128-cbc', '3des-cbc'] client mac:['umac-64-etm@openssh.com', 'umac-128-etm@openssh.com', 'hmac-sha2-256-etm@openssh.com', 'hmac-sha2-512-etm@openssh.com', 'hmac-sha1-etm@openssh.com', 'umac-64@openssh.com', 'umac-128@openssh.com', 'hmac-sha2-256', 'hmac-sha2-512', 'hmac-sha1'] server mac:['umac-64-etm@openssh.com', 'umac-128-etm@openssh.com', 'hmac-sha2-256-etm@openssh.com', 'hmac-sha2-512-etm@openssh.com', 'hmac-sha1-etm@openssh.com', 'umac-64@openssh.com', 'umac-128@openssh.com', 'hmac-sha2-256', 'hmac-sha2-512', 'hmac-sha1'] client compress:['none', 'zlib@openssh.com'] server compress:['none', 'zlib@openssh.com'] client lang:[''] server lang:[''] kex follows?False
DEB [20210331-13:32:56.383] thr=1   paramiko.transport: Kex agreed: curve25519-sha256@libssh.org
DEB [20210331-13:32:56.383] thr=1   paramiko.transport: HostKey agreed: ssh-ed25519
DEB [20210331-13:32:56.383] thr=1   paramiko.transport: Cipher agreed: aes128-ctr
DEB [20210331-13:32:56.383] thr=1   paramiko.transport: MAC agreed: hmac-sha2-256
DEB [20210331-13:32:56.383] thr=1   paramiko.transport: Compression agreed: none
DEB [20210331-13:32:56.389] thr=1   paramiko.transport: kex engine KexCurve25519 specified hash_algo <built-in function openssl_sha256>
DEB [20210331-13:32:56.389] thr=1   paramiko.transport: Switch to new keys ...
DEB [20210331-13:34:56.382] thr=1   paramiko.transport: EOF in transport thread
